Build started 9/22/2020 2:33:50 PM.
     1>Project "H:\My sd final projects\sd visual studio project-warfare 1.2\warfare with documentation final\WarFare Game\warfare complete\warfare complete.vcxproj" on node 2 (build target(s)).
     1>PrepareForBuild:
         Creating directory "H:\My sd final projects\sd visual studio project-warfare 1.2\warfare with documentation final\WarFare Game\Release\".
       InitializeBuildStatus:
         Creating "Release\warfare complete.unsuccessfulbuild" because "AlwaysCreate" was specified.
       ClCompile:
         C:\Program Files (x86)\Microsoft Visual Studio 10.0\VC\bin\CL.exe /c /Zi /nologo /W3 /WX- /O2 /Oi /Oy- /GL /D _MBCS /Gm- /EHsc /MD /GS /Gy /fp:precise /Zc:wchar_t /Zc:forScope /Fo"Release\\" /Fd"Release\vc100.pdb" /Gd /TP /analyze- /errorReport:prompt "warfare complete.cpp"
         warfare complete.cpp
     1>h:\my sd final projects\sd visual studio project-warfare 1.2\warfare with documentation final\warfare game\warfare complete\Level 1.h(1131): error C2065: 'bth' : undeclared identifier
     1>h:\my sd final projects\sd visual studio project-warfare 1.2\warfare with documentation final\warfare game\warfare complete\Level 1.h(1131): error C2146: syntax error : missing ')' before identifier 'reex'
     1>h:\my sd final projects\sd visual studio project-warfare 1.2\warfare with documentation final\warfare game\warfare complete\Level 1.h(1131): error C2065: 'reex' : undeclared identifier
     1>h:\my sd final projects\sd visual studio project-warfare 1.2\warfare with documentation final\warfare game\warfare complete\Level 1.h(1131): error C2059: syntax error : ')'
     1>h:\my sd final projects\sd visual studio project-warfare 1.2\warfare with documentation final\warfare game\warfare complete\Level 1.h(1132): error C2143: syntax error : missing ';' before '{'
     1>Done Building Project "H:\My sd final projects\sd visual studio project-warfare 1.2\warfare with documentation final\WarFare Game\warfare complete\warfare complete.vcxproj" (build target(s)) -- FAILED.

Build FAILED.

Time Elapsed 00:00:00.37
